<?xml version="1.0" encoding="UTF-8"?>
<!-- Generated by org.testng.reporters.JUnitReportReporter -->
<testsuite skipped="0" hostname="CDC2-D-6S7JH92" name="sample.FileUpload" tests="1" failures="0" timestamp="02 Aug 2019 05:18:48 GMT" time="11.855" errors="0">
  <testcase name="upload" time="11.855" classname="sample.FileUpload"/>
</testsuite> <!-- sample.FileUpload -->
