<?xml version="1.0" encoding="UTF-8"?>
<!-- Generated by org.testng.reporters.JUnitReportReporter -->
<testsuite skipped="0" hostname="CDC2-D-6S7JH92" name="Prabhakar.dataprovi" tests="2" failures="0" timestamp="01 Aug 2019 10:41:11 GMT" time="0.000" errors="0">
  <testcase name="f" time="0.000" classname="Prabhakar.dataprovi"/>
  <testcase name="f" time="0.000" classname="Prabhakar.dataprovi"/>
</testsuite> <!-- Prabhakar.dataprovi -->
