<?xml version="1.0" encoding="UTF-8"?>
<!-- Generated by org.testng.reporters.JUnitReportReporter -->
<testsuite skipped="0" hostname="CDC2-D-6S7JH92" name="sample.Exceldata" tests="1" failures="0" timestamp="01 Aug 2019 10:41:11 GMT" time="7.432" errors="0">
  <testcase name="readdata" time="7.432" classname="sample.Exceldata"/>
</testsuite> <!-- sample.Exceldata -->
