<?xml version="1.0" encoding="UTF-8"?>
<!-- Generated by org.testng.reporters.JUnitReportReporter -->
<testsuite skipped="1" hostname="CDC2-D-6S7JH92" name="sample.TestMeApp" tests="2" failures="0" timestamp="02 Aug 2019 04:03:55 GMT" time="1.139" errors="0">
  <testcase name="popup" time="1.139" classname="sample.TestMeApp"/>
  <testcase name="testapp" classname="sample.TestMeApp">
    <skipped/>
  </testcase> <!-- testapp -->
</testsuite> <!-- sample.TestMeApp -->
